DEBUG:kafka.producer.kafka:Starting the Kafka producer
DEBUG:kafka.metrics.metrics:Added sensor with name connections-closed
DEBUG:kafka.metrics.metrics:Added sensor with name connections-created
DEBUG:kafka.metrics.metrics:Added sensor with name select-time
DEBUG:kafka.metrics.metrics:Added sensor with name io-time
DEBUG:kafka.client:Initiating connection to node bootstrap-0 at broker:9092
DEBUG:kafka.metrics.metrics:Added sensor with name bytes-sent-received
DEBUG:kafka.metrics.metrics:Added sensor with name bytes-sent
DEBUG:kafka.metrics.metrics:Added sensor with name bytes-received
DEBUG:kafka.metrics.metrics:Added sensor with name request-latency
DEBUG:kafka.metrics.metrics:Added sensor with name node-bootstrap-0.bytes-sent
DEBUG:kafka.metrics.metrics:Added sensor with name node-bootstrap-0.bytes-received
DEBUG:kafka.metrics.metrics:Added sensor with name node-bootstrap-0.latency
WARNING:kafka.conn:DNS lookup failed for broker:9092, exception was [Errno -5] No address associated with hostname. Is your advertised.listeners (called advertised.host.name before Kafka 9) correct and resolvable?
ERROR:kafka.conn:DNS lookup failed for broker:9092 (AddressFamily.AF_UNSPEC)
INFO:kafka.conn:Probing node bootstrap-0 broker version
WARNING:kafka.conn:DNS lookup failed for broker:9092, exception was [Errno -5] No address associated with hostname. Is your advertised.listeners (called advertised.host.name before Kafka 9) correct and resolvable?
ERROR:kafka.conn:DNS lookup failed for broker:9092 (AddressFamily.AF_UNSPEC)
WARNING:kafka.conn:DNS lookup failed for broker:9092, exception was [Errno -5] No address associated with hostname. Is your advertised.listeners (called advertised.host.name before Kafka 9) correct and resolvable?
ERROR:kafka.conn:DNS lookup failed for broker:9092 (AddressFamily.AF_UNSPEC)
INFO:kafka.conn:Probing node bootstrap-0 broker version
WARNING:kafka.conn:DNS lookup failed for broker:9092, exception was [Errno -5] No address associated with hostname. Is your advertised.listeners (called advertised.host.name before Kafka 9) correct and resolvable?
ERROR:kafka.conn:DNS lookup failed for broker:9092 (AddressFamily.AF_UNSPEC)
DEBUG:kafka.producer.kafka:Starting the Kafka producer
DEBUG:kafka.metrics.metrics:Added sensor with name connections-closed
DEBUG:kafka.metrics.metrics:Added sensor with name connections-created
DEBUG:kafka.metrics.metrics:Added sensor with name select-time
DEBUG:kafka.metrics.metrics:Added sensor with name io-time
DEBUG:kafka.client:Initiating connection to node bootstrap-0 at broker:9092
DEBUG:kafka.metrics.metrics:Added sensor with name bytes-sent-received
DEBUG:kafka.metrics.metrics:Added sensor with name bytes-sent
DEBUG:kafka.metrics.metrics:Added sensor with name bytes-received
DEBUG:kafka.metrics.metrics:Added sensor with name request-latency
DEBUG:kafka.metrics.metrics:Added sensor with name node-bootstrap-0.bytes-sent
DEBUG:kafka.metrics.metrics:Added sensor with name node-bootstrap-0.bytes-received
DEBUG:kafka.metrics.metrics:Added sensor with name node-bootstrap-0.latency
WARNING:kafka.conn:DNS lookup failed for broker:9092, exception was [Errno -5] No address associated with hostname. Is your advertised.listeners (called advertised.host.name before Kafka 9) correct and resolvable?
ERROR:kafka.conn:DNS lookup failed for broker:9092 (AddressFamily.AF_UNSPEC)
INFO:kafka.conn:Probing node bootstrap-0 broker version
WARNING:kafka.conn:DNS lookup failed for broker:9092, exception was [Errno -5] No address associated with hostname. Is your advertised.listeners (called advertised.host.name before Kafka 9) correct and resolvable?
ERROR:kafka.conn:DNS lookup failed for broker:9092 (AddressFamily.AF_UNSPEC)
WARNING:kafka.conn:DNS lookup failed for broker:9092, exception was [Errno -5] No address associated with hostname. Is your advertised.listeners (called advertised.host.name before Kafka 9) correct and resolvable?
ERROR:kafka.conn:DNS lookup failed for broker:9092 (AddressFamily.AF_UNSPEC)
INFO:kafka.conn:Probing node bootstrap-0 broker version
WARNING:kafka.conn:DNS lookup failed for broker:9092, exception was [Errno -5] No address associated with hostname. Is your advertised.listeners (called advertised.host.name before Kafka 9) correct and resolvable?
ERROR:kafka.conn:DNS lookup failed for broker:9092 (AddressFamily.AF_UNSPEC)
DEBUG:kafka.producer.kafka:Starting the Kafka producer
DEBUG:kafka.metrics.metrics:Added sensor with name connections-closed
DEBUG:kafka.metrics.metrics:Added sensor with name connections-created
DEBUG:kafka.metrics.metrics:Added sensor with name select-time
DEBUG:kafka.metrics.metrics:Added sensor with name io-time
DEBUG:kafka.client:Initiating connection to node bootstrap-0 at localhost:9092
DEBUG:kafka.metrics.metrics:Added sensor with name bytes-sent-received
DEBUG:kafka.metrics.metrics:Added sensor with name bytes-sent
DEBUG:kafka.metrics.metrics:Added sensor with name bytes-received
DEBUG:kafka.metrics.metrics:Added sensor with name request-latency
DEBUG:kafka.metrics.metrics:Added sensor with name node-bootstrap-0.bytes-sent
DEBUG:kafka.metrics.metrics:Added sensor with name node-bootstrap-0.bytes-received
DEBUG:kafka.metrics.metrics:Added sensor with name node-bootstrap-0.latency
DEBUG:kafka.conn:<BrokerConnection node_id=bootstrap-0 host=localhost:9092 <disconnected> [unspecified None]>: creating new socket
DEBUG:kafka.conn:<BrokerConnection node_id=bootstrap-0 host=localhost:9092 <disconnected> [IPv6 ('::1', 9092, 0, 0)]>: setting socket option (6, 1, 1)
INFO:kafka.conn:<BrokerConnection node_id=bootstrap-0 host=localhost:9092 <connecting> [IPv6 ('::1', 9092, 0, 0)]>: connecting to localhost:9092 [('::1', 9092, 0, 0) IPv6]
INFO:kafka.conn:Probing node bootstrap-0 broker version
ERROR:kafka.conn:Connect attempt to <BrokerConnection node_id=bootstrap-0 host=localhost:9092 <connecting> [IPv6 ('::1', 9092, 0, 0)]> returned error 111. Disconnecting.
INFO:kafka.conn:<BrokerConnection node_id=bootstrap-0 host=localhost:9092 <connecting> [IPv6 ('::1', 9092, 0, 0)]>: Closing connection. KafkaConnectionError: 111 ECONNREFUSED
DEBUG:kafka.conn:<BrokerConnection node_id=bootstrap-0 host=localhost:9092 <disconnected> [IPv6 ('::1', 9092, 0, 0)]>: creating new socket
DEBUG:kafka.conn:<BrokerConnection node_id=bootstrap-0 host=localhost:9092 <disconnected> [IPv6 ('::1', 9092, 0, 0)]>: setting socket option (6, 1, 1)
INFO:kafka.conn:<BrokerConnection node_id=bootstrap-0 host=localhost:9092 <connecting> [IPv6 ('::1', 9092, 0, 0)]>: connecting to localhost:9092 [('::1', 9092, 0, 0) IPv6]
ERROR:kafka.conn:Connect attempt to <BrokerConnection node_id=bootstrap-0 host=localhost:9092 <connecting> [IPv6 ('::1', 9092, 0, 0)]> returned error 111. Disconnecting.
INFO:kafka.conn:<BrokerConnection node_id=bootstrap-0 host=localhost:9092 <connecting> [IPv6 ('::1', 9092, 0, 0)]>: Closing connection. KafkaConnectionError: 111 ECONNREFUSED
DEBUG:kafka.conn:<BrokerConnection node_id=bootstrap-0 host=localhost:9092 <disconnected> [IPv6 ('::1', 9092, 0, 0)]>: creating new socket
DEBUG:kafka.conn:<BrokerConnection node_id=bootstrap-0 host=localhost:9092 <disconnected> [IPv4 ('127.0.0.1', 9092)]>: setting socket option (6, 1, 1)
INFO:kafka.conn:<BrokerConnection node_id=bootstrap-0 host=localhost:9092 <connecting> [IPv4 ('127.0.0.1', 9092)]>: connecting to localhost:9092 [('127.0.0.1', 9092) IPv4]
DEBUG:kafka.conn:<BrokerConnection node_id=bootstrap-0 host=localhost:9092 <connecting> [IPv4 ('127.0.0.1', 9092)]>: established TCP connection
INFO:kafka.conn:<BrokerConnection node_id=bootstrap-0 host=localhost:9092 <connecting> [IPv4 ('127.0.0.1', 9092)]>: Connection complete.
DEBUG:kafka.client:Node bootstrap-0 connected
DEBUG:kafka.protocol.parser:Sending request ApiVersionRequest_v0()
DEBUG:kafka.conn:<BrokerConnection node_id=bootstrap-0 host=localhost:9092 <connected> [IPv4 ('127.0.0.1', 9092)]> Request 1: ApiVersionRequest_v0()
DEBUG:kafka.protocol.parser:Sending request MetadataRequest_v0(topics=[])
DEBUG:kafka.conn:<BrokerConnection node_id=bootstrap-0 host=localhost:9092 <connected> [IPv4 ('127.0.0.1', 9092)]> Request 2: MetadataRequest_v0(topics=[])
DEBUG:kafka.protocol.parser:Received correlation id: 1
DEBUG:kafka.protocol.parser:Processing response ApiVersionResponse_v0
DEBUG:kafka.conn:<BrokerConnection node_id=bootstrap-0 host=localhost:9092 <connected> [IPv4 ('127.0.0.1', 9092)]> Response 1 (102.02360153198242 ms): ApiVersionResponse_v0(error_code=0, api_versions=[(api_key=0, min_version=0, max_version=9), (api_key=1, min_version=0, max_version=13), (api_key=2, min_version=0, max_version=7), (api_key=3, min_version=0, max_version=12), (api_key=4, min_version=0, max_version=6), (api_key=5, min_version=0, max_version=3), (api_key=6, min_version=0, max_version=7), (api_key=7, min_version=0, max_version=3), (api_key=8, min_version=0, max_version=8), (api_key=9, min_version=0, max_version=8), (api_key=10, min_version=0, max_version=4), (api_key=11, min_version=0, max_version=9), (api_key=12, min_version=0, max_version=4), (api_key=13, min_version=0, max_version=5), (api_key=14, min_version=0, max_version=5), (api_key=15, min_version=0, max_version=5), (api_key=16, min_version=0, max_version=4), (api_key=17, min_version=0, max_version=1), (api_key=18, min_version=0, max_version=3), (api_key=19, min_version=0, max_version=7), (api_key=20, min_version=0, max_version=6), (api_key=21, min_version=0, max_version=2), (api_key=22, min_version=0, max_version=4), (api_key=23, min_version=0, max_version=4), (api_key=24, min_version=0, max_version=3), (api_key=25, min_version=0, max_version=3), (api_key=26, min_version=0, max_version=3), (api_key=27, min_version=0, max_version=1), (api_key=28, min_version=0, max_version=3), (api_key=29, min_version=0, max_version=3), (api_key=30, min_version=0, max_version=3), (api_key=31, min_version=0, max_version=3), (api_key=32, min_version=0, max_version=4), (api_key=33, min_version=0, max_version=2), (api_key=34, min_version=0, max_version=2), (api_key=35, min_version=0, max_version=4), (api_key=36, min_version=0, max_version=2), (api_key=37, min_version=0, max_version=3), (api_key=38, min_version=0, max_version=3), (api_key=39, min_version=0, max_version=2), (api_key=40, min_version=0, max_version=2), (api_key=41, min_version=0, max_version=3), (api_key=42, min_version=0, max_version=2), (api_key=43, min_version=0, max_version=2), (api_key=44, min_version=0, max_version=1), (api_key=45, min_version=0, max_version=0), (api_key=46, min_version=0, max_version=0), (api_key=47, min_version=0, max_version=0), (api_key=48, min_version=0, max_version=1), (api_key=49, min_version=0, max_version=1), (api_key=50, min_version=0, max_version=0), (api_key=51, min_version=0, max_version=0), (api_key=56, min_version=0, max_version=2), (api_key=57, min_version=0, max_version=1), (api_key=60, min_version=0, max_version=0), (api_key=61, min_version=0, max_version=0), (api_key=65, min_version=0, max_version=0), (api_key=66, min_version=0, max_version=0), (api_key=67, min_version=0, max_version=0)])
DEBUG:kafka.protocol.parser:Received correlation id: 2
DEBUG:kafka.protocol.parser:Processing response MetadataResponse_v0
DEBUG:kafka.conn:<BrokerConnection node_id=bootstrap-0 host=localhost:9092 <connected> [IPv4 ('127.0.0.1', 9092)]> Response 2 (18.172740936279297 ms): MetadataResponse_v0(brokers=[(node_id=1, host='localhost', port=9092)], topics=[])
INFO:kafka.conn:Broker version identified as 2.5.0
INFO:kafka.conn:Set configuration api_version=(2, 5, 0) to skip auto check_version requests on startup
DEBUG:kafka.metrics.metrics:Added sensor with name bufferpool-wait-time
DEBUG:kafka.metrics.metrics:Added sensor with name batch-size
DEBUG:kafka.metrics.metrics:Added sensor with name compression-rate
DEBUG:kafka.metrics.metrics:Added sensor with name queue-time
DEBUG:kafka.metrics.metrics:Added sensor with name produce-throttle-time
DEBUG:kafka.metrics.metrics:Added sensor with name records-per-request
DEBUG:kafka.metrics.metrics:Added sensor with name bytes
DEBUG:kafka.metrics.metrics:Added sensor with name record-retries
DEBUG:kafka.metrics.metrics:Added sensor with name errors
DEBUG:kafka.metrics.metrics:Added sensor with name record-size-max
DEBUG:kafka.producer.sender:Starting Kafka producer I/O thread.
DEBUG:kafka.producer.kafka:Kafka producer started
DEBUG:kafka.client:Sending metadata request MetadataRequest_v1(topics=NULL) to node bootstrap-0
DEBUG:kafka.protocol.parser:Sending request MetadataRequest_v1(topics=NULL)
DEBUG:kafka.conn:<BrokerConnection node_id=bootstrap-0 host=localhost:9092 <connected> [IPv4 ('127.0.0.1', 9092)]> Request 3: MetadataRequest_v1(topics=NULL)
INFO:werkzeug:[31m[1mWARNING: This is a development server. Do not use it in a production deployment. Use a production WSGI server instead.[0m
 * Running on all addresses (0.0.0.0)
 * Running on http://127.0.0.1:5000
 * Running on http://10.182.0.2:5000
INFO:werkzeug:[33mPress CTRL+C to quit[0m
DEBUG:kafka.protocol.parser:Received correlation id: 3
DEBUG:kafka.protocol.parser:Processing response MetadataResponse_v1
DEBUG:kafka.conn:<BrokerConnection node_id=bootstrap-0 host=localhost:9092 <connected> [IPv4 ('127.0.0.1', 9092)]> Response 3 (3.8504600524902344 ms): MetadataResponse_v1(brokers=[(node_id=1, host='localhost', port=9092, rack=None)], controller_id=1, topics=[])
DEBUG:kafka.cluster:Updated cluster metadata to ClusterMetadata(brokers: 1, topics: 0, groups: 0)
INFO:logprod:Home page viewed
DEBUG:kafka.producer.kafka:Requesting metadata update for topic logs
DEBUG:kafka.client:Initializing connection to node 1 for metadata request
DEBUG:kafka.client:Initiating connection to node 1 at localhost:9092
DEBUG:kafka.metrics.metrics:Added sensor with name node-1.bytes-sent
DEBUG:kafka.metrics.metrics:Added sensor with name node-1.bytes-received
DEBUG:kafka.metrics.metrics:Added sensor with name node-1.latency
DEBUG:kafka.conn:<BrokerConnection node_id=1 host=localhost:9092 <disconnected> [unspecified None]>: creating new socket
DEBUG:kafka.conn:<BrokerConnection node_id=1 host=localhost:9092 <disconnected> [IPv6 ('::1', 9092, 0, 0)]>: setting socket option (6, 1, 1)
INFO:kafka.conn:<BrokerConnection node_id=1 host=localhost:9092 <connecting> [IPv6 ('::1', 9092, 0, 0)]>: connecting to localhost:9092 [('::1', 9092, 0, 0) IPv6]
ERROR:kafka.conn:Connect attempt to <BrokerConnection node_id=1 host=localhost:9092 <connecting> [IPv6 ('::1', 9092, 0, 0)]> returned error 111. Disconnecting.
INFO:kafka.conn:<BrokerConnection node_id=1 host=localhost:9092 <connecting> [IPv6 ('::1', 9092, 0, 0)]>: Closing connection. KafkaConnectionError: 111 ECONNREFUSED
WARNING:kafka.client:Node 1 connection failed -- refreshing metadata
DEBUG:kafka.client:Give up sending metadata request since no node is available
DEBUG:kafka.client:Initializing connection to node 1 for metadata request
DEBUG:kafka.conn:<BrokerConnection node_id=1 host=localhost:9092 <disconnected> [IPv6 ('::1', 9092, 0, 0)]>: creating new socket
DEBUG:kafka.conn:<BrokerConnection node_id=1 host=localhost:9092 <disconnected> [IPv4 ('127.0.0.1', 9092)]>: setting socket option (6, 1, 1)
INFO:kafka.conn:<BrokerConnection node_id=1 host=localhost:9092 <connecting> [IPv4 ('127.0.0.1', 9092)]>: connecting to localhost:9092 [('127.0.0.1', 9092) IPv4]
DEBUG:kafka.conn:<BrokerConnection node_id=1 host=localhost:9092 <connecting> [IPv4 ('127.0.0.1', 9092)]>: established TCP connection
INFO:kafka.conn:<BrokerConnection node_id=1 host=localhost:9092 <connecting> [IPv4 ('127.0.0.1', 9092)]>: Connection complete.
DEBUG:kafka.client:Node 1 connected
INFO:kafka.conn:<BrokerConnection node_id=bootstrap-0 host=localhost:9092 <connected> [IPv4 ('127.0.0.1', 9092)]>: Closing connection. 
DEBUG:kafka.conn:<BrokerConnection node_id=bootstrap-0 host=localhost:9092 <connected> [IPv4 ('127.0.0.1', 9092)]>: reconnect backoff 0.044560176971505855 after 1 failures
DEBUG:kafka.client:Sending metadata request MetadataRequest_v1(topics=['logs']) to node 1
DEBUG:kafka.protocol.parser:Sending request MetadataRequest_v1(topics=['logs'])
DEBUG:kafka.conn:<BrokerConnection node_id=1 host=localhost:9092 <connected> [IPv4 ('127.0.0.1', 9092)]> Request 1: MetadataRequest_v1(topics=['logs'])
DEBUG:kafka.protocol.parser:Received correlation id: 1
DEBUG:kafka.protocol.parser:Processing response MetadataResponse_v1
DEBUG:kafka.conn:<BrokerConnection node_id=1 host=localhost:9092 <connected> [IPv4 ('127.0.0.1', 9092)]> Response 1 (104.5219898223877 ms): MetadataResponse_v1(brokers=[(node_id=1, host='localhost', port=9092, rack=None)], controller_id=1, topics=[(error_code=5, topic='logs', is_internal=False, partitions=[])])
DEBUG:kafka.producer.kafka:_wait_on_metadata woke after 0.2605593204498291 secs.
DEBUG:kafka.producer.kafka:Requesting metadata update for topic logs
DEBUG:kafka.client:Sending metadata request MetadataRequest_v1(topics=['logs']) to node 1
DEBUG:kafka.protocol.parser:Sending request MetadataRequest_v1(topics=['logs'])
DEBUG:kafka.conn:<BrokerConnection node_id=1 host=localhost:9092 <connected> [IPv4 ('127.0.0.1', 9092)]> Request 2: MetadataRequest_v1(topics=['logs'])
DEBUG:kafka.protocol.parser:Received correlation id: 2
DEBUG:kafka.protocol.parser:Processing response MetadataResponse_v1
DEBUG:kafka.conn:<BrokerConnection node_id=1 host=localhost:9092 <connected> [IPv4 ('127.0.0.1', 9092)]> Response 2 (11.407852172851562 ms): MetadataResponse_v1(brokers=[(node_id=1, host='localhost', port=9092, rack=None)], controller_id=1, topics=[(error_code=5, topic='logs', is_internal=False, partitions=[])])
DEBUG:kafka.producer.kafka:_wait_on_metadata woke after 0.37370967864990234 secs.
DEBUG:kafka.producer.kafka:Requesting metadata update for topic logs
DEBUG:kafka.client:Sending metadata request MetadataRequest_v1(topics=['logs']) to node 1
DEBUG:kafka.protocol.parser:Sending request MetadataRequest_v1(topics=['logs'])
DEBUG:kafka.conn:<BrokerConnection node_id=1 host=localhost:9092 <connected> [IPv4 ('127.0.0.1', 9092)]> Request 3: MetadataRequest_v1(topics=['logs'])
DEBUG:kafka.protocol.parser:Received correlation id: 3
DEBUG:kafka.protocol.parser:Processing response MetadataResponse_v1
DEBUG:kafka.conn:<BrokerConnection node_id=1 host=localhost:9092 <connected> [IPv4 ('127.0.0.1', 9092)]> Response 3 (8.151531219482422 ms): MetadataResponse_v1(brokers=[(node_id=1, host='localhost', port=9092, rack=None)], controller_id=1, topics=[(error_code=5, topic='logs', is_internal=False, partitions=[])])
DEBUG:kafka.producer.kafka:_wait_on_metadata woke after 0.4837031364440918 secs.
DEBUG:kafka.producer.kafka:Requesting metadata update for topic logs
DEBUG:kafka.client:Sending metadata request MetadataRequest_v1(topics=['logs']) to node 1
DEBUG:kafka.protocol.parser:Sending request MetadataRequest_v1(topics=['logs'])
DEBUG:kafka.conn:<BrokerConnection node_id=1 host=localhost:9092 <connected> [IPv4 ('127.0.0.1', 9092)]> Request 4: MetadataRequest_v1(topics=['logs'])
DEBUG:kafka.protocol.parser:Received correlation id: 4
DEBUG:kafka.protocol.parser:Processing response MetadataResponse_v1
DEBUG:kafka.conn:<BrokerConnection node_id=1 host=localhost:9092 <connected> [IPv4 ('127.0.0.1', 9092)]> Response 4 (6.837368011474609 ms): MetadataResponse_v1(brokers=[(node_id=1, host='localhost', port=9092, rack=None)], controller_id=1, topics=[(error_code=0, topic='logs', is_internal=False, partitions=[(error_code=0, partition=0, leader=1, replicas=[1], isr=[1])])])
DEBUG:kafka.cluster:Updated cluster metadata to ClusterMetadata(brokers: 1, topics: 1, groups: 0)
DEBUG:kafka.producer.kafka:_wait_on_metadata woke after 0.592059850692749 secs.
DEBUG:kafka.producer.kafka:Sending (key=None value={'message': 'Selamin Aleykum Ugur.'} headers=[]) to TopicPartition(topic='logs', partition=0)
DEBUG:kafka.producer.record_accumulator:Allocating a new 16384 byte message buffer for TopicPartition(topic='logs', partition=0)
DEBUG:kafka.producer.kafka:Waking up the sender since TopicPartition(topic='logs', partition=0) is either full or getting a new batch
INFO:werkzeug:127.0.0.1 - - [13/Apr/2023 23:51:24] "GET / HTTP/1.1" 200 -
DEBUG:kafka.metrics.metrics:Added sensor with name topic.logs.records-per-batch
DEBUG:kafka.metrics.metrics:Added sensor with name topic.logs.bytes
DEBUG:kafka.metrics.metrics:Added sensor with name topic.logs.compression-rate
DEBUG:kafka.metrics.metrics:Added sensor with name topic.logs.record-retries
DEBUG:kafka.metrics.metrics:Added sensor with name topic.logs.record-errors
DEBUG:kafka.producer.sender:Nodes with data ready to send: {1}
DEBUG:kafka.producer.sender:Created 1 produce requests: {1: ProduceRequest_v7(transactional_id=None, required_acks=1, timeout=30000, topics=[(topic='logs', partitions=[(partition=0, messages=b'\x00\x00\x00\x00\x00\x00\x00\x00\x00\x00\x00\\\x00\x00\x00\x00\x02\xa9i\x87\xfa\x00\x00\x00\x00\x00\x00\x00\x00\x01\x87}\x07\xed\xc9\x00\x00\x01\x87}\x07\xed\xc9\xff\xff\xff\xff\xff\xff\xff\xff\xff\xff\xff\xff\xff\xff\x00\x00\x00\x01T\x00\x00\x00\x01H{"message": "Selamin Aleykum Ugur...')])])}
DEBUG:kafka.producer.sender:Sending Produce Request: ProduceRequest_v7(transactional_id=None, required_acks=1, timeout=30000, topics=[(topic='logs', partitions=[(partition=0, messages=b'\x00\x00\x00\x00\x00\x00\x00\x00\x00\x00\x00\\\x00\x00\x00\x00\x02\xa9i\x87\xfa\x00\x00\x00\x00\x00\x00\x00\x00\x01\x87}\x07\xed\xc9\x00\x00\x01\x87}\x07\xed\xc9\xff\xff\xff\xff\xff\xff\xff\xff\xff\xff\xff\xff\xff\xff\x00\x00\x00\x01T\x00\x00\x00\x01H{"message": "Selamin Aleykum Ugur...')])])
DEBUG:kafka.protocol.parser:Sending request ProduceRequest_v7(transactional_id=None, required_acks=1, timeout=30000, topics=[(topic='logs', partitions=[(partition=0, messages=b'\x00\x00\x00\x00\x00\x00\x00\x00\x00\x00\x00\\\x00\x00\x00\x00\x02\xa9i\x87\xfa\x00\x00\x00\x00\x00\x00\x00\x00\x01\x87}\x07\xed\xc9\x00\x00\x01\x87}\x07\xed\xc9\xff\xff\xff\xff\xff\xff\xff\xff\xff\xff\xff\xff\xff\xff\x00\x00\x00\x01T\x00\x00\x00\x01H{"message": "Selamin Aleykum Ugur...')])])
DEBUG:kafka.conn:<BrokerConnection node_id=1 host=localhost:9092 <connected> [IPv4 ('127.0.0.1', 9092)]> Request 5: ProduceRequest_v7(transactional_id=None, required_acks=1, timeout=30000, topics=[(topic='logs', partitions=[(partition=0, messages=b'\x00\x00\x00\x00\x00\x00\x00\x00\x00\x00\x00\\\x00\x00\x00\x00\x02\xa9i\x87\xfa\x00\x00\x00\x00\x00\x00\x00\x00\x01\x87}\x07\xed\xc9\x00\x00\x01\x87}\x07\xed\xc9\xff\xff\xff\xff\xff\xff\xff\xff\xff\xff\xff\xff\xff\xff\x00\x00\x00\x01T\x00\x00\x00\x01H{"message": "Selamin Aleykum Ugur...')])])
DEBUG:kafka.protocol.parser:Received correlation id: 5
DEBUG:kafka.protocol.parser:Processing response ProduceResponse_v7
DEBUG:kafka.conn:<BrokerConnection node_id=1 host=localhost:9092 <connected> [IPv4 ('127.0.0.1', 9092)]> Response 5 (71.40398025512695 ms): ProduceResponse_v7(topics=[(topic='logs', partitions=[(partition=0, error_code=0, offset=0, timestamp=-1, log_start_offset=0)])], throttle_time_ms=0)
DEBUG:kafka.producer.sender:Parsing produce response: ProduceResponse_v7(topics=[(topic='logs', partitions=[(partition=0, error_code=0, offset=0, timestamp=-1, log_start_offset=0)])], throttle_time_ms=0)
DEBUG:kafka.producer.record_accumulator:Produced messages to topic-partition TopicPartition(topic='logs', partition=0) with base offset 0 log start offset 0 and error None.
INFO:logprod:Home page viewed
DEBUG:kafka.producer.kafka:Sending (key=None value={'message': 'Selamin Aleykum Ugur.'} headers=[]) to TopicPartition(topic='logs', partition=0)
DEBUG:kafka.producer.record_accumulator:Allocating a new 16384 byte message buffer for TopicPartition(topic='logs', partition=0)
DEBUG:kafka.producer.kafka:Waking up the sender since TopicPartition(topic='logs', partition=0) is either full or getting a new batch
INFO:werkzeug:127.0.0.1 - - [13/Apr/2023 23:53:05] "GET / HTTP/1.1" 200 -
DEBUG:kafka.producer.sender:Nodes with data ready to send: {1}
DEBUG:kafka.producer.sender:Created 1 produce requests: {1: ProduceRequest_v7(transactional_id=None, required_acks=1, timeout=30000, topics=[(topic='logs', partitions=[(partition=0, messages=b'\x00\x00\x00\x00\x00\x00\x00\x00\x00\x00\x00\\\x00\x00\x00\x00\x02\xe9\xb7\xa5Q\x00\x00\x00\x00\x00\x00\x00\x00\x01\x87}\tyN\x00\x00\x01\x87}\tyN\xff\xff\xff\xff\xff\xff\xff\xff\xff\xff\xff\xff\xff\xff\x00\x00\x00\x01T\x00\x00\x00\x01H{"message": "Selamin Aleykum Ugur...')])])}
DEBUG:kafka.producer.sender:Sending Produce Request: ProduceRequest_v7(transactional_id=None, required_acks=1, timeout=30000, topics=[(topic='logs', partitions=[(partition=0, messages=b'\x00\x00\x00\x00\x00\x00\x00\x00\x00\x00\x00\\\x00\x00\x00\x00\x02\xe9\xb7\xa5Q\x00\x00\x00\x00\x00\x00\x00\x00\x01\x87}\tyN\x00\x00\x01\x87}\tyN\xff\xff\xff\xff\xff\xff\xff\xff\xff\xff\xff\xff\xff\xff\x00\x00\x00\x01T\x00\x00\x00\x01H{"message": "Selamin Aleykum Ugur...')])])
DEBUG:kafka.protocol.parser:Sending request ProduceRequest_v7(transactional_id=None, required_acks=1, timeout=30000, topics=[(topic='logs', partitions=[(partition=0, messages=b'\x00\x00\x00\x00\x00\x00\x00\x00\x00\x00\x00\\\x00\x00\x00\x00\x02\xe9\xb7\xa5Q\x00\x00\x00\x00\x00\x00\x00\x00\x01\x87}\tyN\x00\x00\x01\x87}\tyN\xff\xff\xff\xff\xff\xff\xff\xff\xff\xff\xff\xff\xff\xff\x00\x00\x00\x01T\x00\x00\x00\x01H{"message": "Selamin Aleykum Ugur...')])])
DEBUG:kafka.conn:<BrokerConnection node_id=1 host=localhost:9092 <connected> [IPv4 ('127.0.0.1', 9092)]> Request 6: ProduceRequest_v7(transactional_id=None, required_acks=1, timeout=30000, topics=[(topic='logs', partitions=[(partition=0, messages=b'\x00\x00\x00\x00\x00\x00\x00\x00\x00\x00\x00\\\x00\x00\x00\x00\x02\xe9\xb7\xa5Q\x00\x00\x00\x00\x00\x00\x00\x00\x01\x87}\tyN\x00\x00\x01\x87}\tyN\xff\xff\xff\xff\xff\xff\xff\xff\xff\xff\xff\xff\xff\xff\x00\x00\x00\x01T\x00\x00\x00\x01H{"message": "Selamin Aleykum Ugur...')])])
DEBUG:kafka.protocol.parser:Received correlation id: 6
DEBUG:kafka.protocol.parser:Processing response ProduceResponse_v7
DEBUG:kafka.conn:<BrokerConnection node_id=1 host=localhost:9092 <connected> [IPv4 ('127.0.0.1', 9092)]> Response 6 (2.886056900024414 ms): ProduceResponse_v7(topics=[(topic='logs', partitions=[(partition=0, error_code=0, offset=1, timestamp=-1, log_start_offset=0)])], throttle_time_ms=0)
DEBUG:kafka.producer.sender:Parsing produce response: ProduceResponse_v7(topics=[(topic='logs', partitions=[(partition=0, error_code=0, offset=1, timestamp=-1, log_start_offset=0)])], throttle_time_ms=0)
DEBUG:kafka.producer.record_accumulator:Produced messages to topic-partition TopicPartition(topic='logs', partition=0) with base offset 1 log start offset 0 and error None.
DEBUG:kafka.client:Sending metadata request MetadataRequest_v1(topics=['logs']) to node 1
DEBUG:kafka.protocol.parser:Sending request MetadataRequest_v1(topics=['logs'])
DEBUG:kafka.conn:<BrokerConnection node_id=1 host=localhost:9092 <connected> [IPv4 ('127.0.0.1', 9092)]> Request 7: MetadataRequest_v1(topics=['logs'])
DEBUG:kafka.protocol.parser:Received correlation id: 7
DEBUG:kafka.protocol.parser:Processing response MetadataResponse_v1
DEBUG:kafka.conn:<BrokerConnection node_id=1 host=localhost:9092 <connected> [IPv4 ('127.0.0.1', 9092)]> Response 7 (2.5501251220703125 ms): MetadataResponse_v1(brokers=[(node_id=1, host='localhost', port=9092, rack=None)], controller_id=1, topics=[(error_code=0, topic='logs', is_internal=False, partitions=[(error_code=0, partition=0, leader=1, replicas=[1], isr=[1])])])
DEBUG:kafka.cluster:Updated cluster metadata to ClusterMetadata(brokers: 1, topics: 1, groups: 0)
